C:\USERS\ADM\DROPBOX\Магистратура\МКЭА\LAB2\LAB2\DEBUG\CGM.OBJ
C:\USERS\ADM\DROPBOX\Магистратура\МКЭА\LAB2\LAB2\DEBUG\ELEMENTS_CLASSES.OBJ
C:\USERS\ADM\DROPBOX\Магистратура\МКЭА\LAB2\LAB2\DEBUG\GEOM_CLASSES.OBJ
C:\USERS\ADM\DROPBOX\Магистратура\МКЭА\LAB2\LAB2\DEBUG\INTEGRATION_POINTS.OBJ
C:\USERS\ADM\DROPBOX\Магистратура\МКЭА\LAB2\LAB2\DEBUG\LAUNCH.OBJ
C:\USERS\ADM\DROPBOX\Магистратура\МКЭА\LAB2\LAB2\DEBUG\VFEM_O2_T1_CUBE.OBJ
C:\USERS\ADM\DROPBOX\МАГИСТРАТУРА\МКЭА\LAB2\LAB2\DEBUG\VC110.PDB
C:\USERS\ADM\DROPBOX\Магистратура\МКЭА\LAB2\LAB2\DEBUG\VFEM_O2_T1_QUAD.OBJ
C:\Для GIT\LABS\МКЭА\LAB2\LAB2\DEBUG\CGM.OBJ
C:\Для GIT\LABS\МКЭА\LAB2\LAB2\DEBUG\ELEMENTS_CLASSES.OBJ
C:\Для GIT\LABS\МКЭА\LAB2\LAB2\DEBUG\GEOM_CLASSES.OBJ
C:\Для GIT\LABS\МКЭА\LAB2\LAB2\DEBUG\INTEGRATION_POINTS.OBJ
C:\Для GIT\LABS\МКЭА\LAB2\LAB2\DEBUG\LAUNCH.OBJ
C:\Для GIT\LABS\МКЭА\LAB2\LAB2\DEBUG\VFEM_O2_T1_QUAD.OBJ
C:\ДЛЯ GIT\LABS\МКЭА\LAB2\LAB2\DEBUG\VC110.PDB
C:\Для GIT\LABS\МКЭА\LAB2\LAB2\DEBUG\VFEM_O2_T1_CUBE.OBJ
C:\USERS\ADM\DROPBOX\Магистратура\МКЭА\LAB2\DEBUG\LAB2.ILK
C:\USERS\ADM\DROPBOX\Магистратура\МКЭА\LAB2\DEBUG\LAB2.EXE
C:\USERS\ADM\DROPBOX\МАГИСТРАТУРА\МКЭА\LAB2\DEBUG\LAB2.PDB
C:\Для GIT\LABS\МКЭА\LAB2\DEBUG\LAB2.ILK
C:\Для GIT\LABS\МКЭА\LAB2\DEBUG\LAB2.EXE
C:\ДЛЯ GIT\LABS\МКЭА\LAB2\DEBUG\LAB2.PDB
C:\Для Git\Labs\МКЭА\lab2\lab2\Debug\CGM.obj
C:\Для Git\Labs\МКЭА\lab2\lab2\Debug\elements_classes.obj
C:\Для Git\Labs\МКЭА\lab2\lab2\Debug\geom_classes.obj
C:\Для Git\Labs\МКЭА\lab2\lab2\Debug\integration_points.obj
C:\Для Git\Labs\МКЭА\lab2\lab2\Debug\launch.obj
C:\Для Git\Labs\МКЭА\lab2\lab2\Debug\VFEM_o2_t1_cube.obj
C:\Для Git\Labs\МКЭА\lab2\lab2\Debug\VFEM_o2_t1_quad.obj
C:\Для Git\Labs\МКЭА\lab2\lab2\Debug\cl.command.1.tlog
C:\Для Git\Labs\МКЭА\lab2\lab2\Debug\CL.read.1.tlog
C:\Для Git\Labs\МКЭА\lab2\lab2\Debug\CL.write.1.tlog
C:\Для Git\Labs\МКЭА\lab2\lab2\Debug\link-cvtres.read.1.tlog
C:\Для Git\Labs\МКЭА\lab2\lab2\Debug\link-cvtres.write.1.tlog
C:\Для Git\Labs\МКЭА\lab2\lab2\Debug\link-rc.read.1.tlog
C:\Для Git\Labs\МКЭА\lab2\lab2\Debug\link-rc.write.1.tlog
C:\Для Git\Labs\МКЭА\lab2\lab2\Debug\link.command.1.tlog
C:\Для Git\Labs\МКЭА\lab2\lab2\Debug\link.read.1.tlog
C:\Для Git\Labs\МКЭА\lab2\lab2\Debug\link.write.1.tlog
C:\Для Git\Labs\МКЭА\lab2\lab2\Debug\vc110.idb
C:\Для Git\Labs\МКЭА\lab2\lab2\Debug\vc110.pdb
C:\Для Git\Labs\МКЭА\lab2\Debug\lab2.pdb
C:\Для Git\Labs\МКЭА\lab2\Debug\lab2.exe
C:\Для Git\Labs\МКЭА\lab2\Debug\lab2.ilk
